sample.interval=20000
"ifelse" "ifelse" "getMu" "FUN" "fn" "<Anonymous>" ".External2" "optim" "doTryCatch" "tryCatchOne" "tryCatchList" "tryCatch" "try" "getP.mu" "getP.nls" 
"ifelse" "ifelse" "getMu" "FUN" "fn" "<Anonymous>" ".External2" "optim" "doTryCatch" "tryCatchOne" "tryCatchList" "tryCatch" "try" "getP.mu" "getP.nls" 
"ifelse" "getMu" "FUN" "fn" "<Anonymous>" ".External2" "optim" "doTryCatch" "tryCatchOne" "tryCatchList" "tryCatch" "try" "getP.mu" "getP.nls" 
"ifelse" "getMu" "FUN" "fn" "<Anonymous>" ".External2" "optim" "doTryCatch" "tryCatchOne" "tryCatchList" "tryCatch" "try" "getP.mu" "getP.nls" 
"length" "ifelse" "getMu" "FUN" "fn" "<Anonymous>" ".External2" "optim" "doTryCatch" "tryCatchOne" "tryCatchList" "tryCatch" "try" "getP.mu" "getP.nls" 
"ifelse" "getMu" "FUN" "fn" "<Anonymous>" ".External2" "optim" "doTryCatch" "tryCatchOne" "tryCatchList" "tryCatch" "try" "getP.mu" "getP.nls" 
"ifelse" "ifelse" "getMu" "FUN" "fn" "<Anonymous>" ".External2" "optim" "doTryCatch" "tryCatchOne" "tryCatchList" "tryCatch" "try" "getP.mu" "getP.nls" 
"lapply" "%>%" "FUN" "fn" "<Anonymous>" ".External2" "optim" "doTryCatch" "tryCatchOne" "tryCatchList" "tryCatch" "try" "getP.mu" "getP.nls" 
"as.list" "alist" "as.pairlist" "eval" "wrap_function" "FUN" "lapply" "%>%" "FUN" "fn" "<Anonymous>" ".External2" "optim" "doTryCatch" "tryCatchOne" "tryCatchList" "tryCatch" "try" "getP.mu" "getP.nls" 
"rev.default" "rev" "split_chain" "%>%" "FUN" "fn" "<Anonymous>" ".External2" "optim" "doTryCatch" "tryCatchOne" "tryCatchList" "tryCatch" "try" "getP.mu" "getP.nls" 
":" "paste0" "eval" "eval" "%>%" "FUN" "fn" "<Anonymous>" ".External2" "optim" "doTryCatch" "tryCatchOne" "tryCatchList" "tryCatch" "try" "getP.mu" "getP.nls" 
"alist" "as.pairlist" "eval" "wrap_function" "FUN" "lapply" "%>%" "FUN" "fn" "<Anonymous>" ".External2" "optim" "doTryCatch" "tryCatchOne" "tryCatchList" "tryCatch" "try" "getP.mu" "getP.nls" 
"ifelse" "ifelse" "getMu" "FUN" "fn" "<Anonymous>" ".External2" "optim" "doTryCatch" "tryCatchOne" "tryCatchList" "tryCatch" "try" "getP.mu" "getP.nls" 
"eval" "%>%" "FUN" "fn" "<Anonymous>" ".External2" "optim" "doTryCatch" "tryCatchOne" "tryCatchList" "tryCatch" "try" "getP.mu" "getP.nls" 
"c" "FUN" "fn" "<Anonymous>" ".External2" "optim" "doTryCatch" "tryCatchOne" "tryCatchList" "tryCatch" "try" "getP.mu" "getP.nls" 
"any" "ifelse" "ifelse" "getMu" "FUN" "fn" "<Anonymous>" ".External2" "optim" "doTryCatch" "tryCatchOne" "tryCatchList" "tryCatch" "try" "getP.mu" "getP.nls" 
"ifelse" "ifelse" "getMu" "FUN" "fn" "<Anonymous>" ".External2" "optim" "doTryCatch" "tryCatchOne" "tryCatchList" "tryCatch" "try" "getP.mu" "getP.nls" 
"%>%" "FUN" "fn" "<Anonymous>" ".External2" "optim" "doTryCatch" "tryCatchOne" "tryCatchList" "tryCatch" "try" "getP.mu" "getP.nls" 
"ifelse" "getMu" "FUN" "fn" "<Anonymous>" ".External2" "optim" "doTryCatch" "tryCatchOne" "tryCatchList" "tryCatch" "try" "getP.mu" "getP.nls" 
"sum" "fn" "<Anonymous>" ".External2" "optim" "doTryCatch" "tryCatchOne" "tryCatchList" "tryCatch" "try" "getP.mu" "getP.nls" 
"grep" "eval" "eval" "%>%" "FUN" "fn" "<Anonymous>" ".External2" "optim" "doTryCatch" "tryCatchOne" "tryCatchList" "tryCatch" "try" "getP.mu" "getP.nls" 
"ifelse" "ifelse" "getMu" "FUN" "fn" "<Anonymous>" ".External2" "optim" "doTryCatch" "tryCatchOne" "tryCatchList" "tryCatch" "try" "getP.mu" "getP.nls" 
"is_placeholder" "%>%" "FUN" "fn" "<Anonymous>" ".External2" "optim" "doTryCatch" "tryCatchOne" "tryCatchList" "tryCatch" "try" "getP.mu" "getP.nls" 
"c" "fn" "<Anonymous>" ".External2" "optim" "doTryCatch" "tryCatchOne" "tryCatchList" "tryCatch" "try" "getP.mu" "getP.nls" 
"getMu" "FUN" "fn" "<Anonymous>" ".External2" "optim" "doTryCatch" "tryCatchOne" "tryCatchList" "tryCatch" "try" "getP.mu" "getP.nls" 
"split_chain" "%>%" "FUN" "fn" "<Anonymous>" ".External2" "optim" "doTryCatch" "tryCatchOne" "tryCatchList" "tryCatch" "try" "getP.mu" "getP.nls" 
"is_dollar" "wrap_function" "FUN" "lapply" "%>%" "FUN" "fn" "<Anonymous>" ".External2" "optim" "doTryCatch" "tryCatchOne" "tryCatchList" "tryCatch" "try" "getP.mu" "getP.nls" 
"/" "ifelse" "ifelse" "getMu" "FUN" "fn" "<Anonymous>" ".External2" "optim" "doTryCatch" "tryCatchOne" "tryCatchList" "tryCatch" "try" "getP.mu" "getP.nls" 
"ifelse" "ifelse" "getMu" "FUN" "fn" "<Anonymous>" ".External2" "optim" "doTryCatch" "tryCatchOne" "tryCatchList" "tryCatch" "try" "getP.mu" "getP.nls" 
"as.pairlist" "eval" "wrap_function" "FUN" "lapply" "%>%" "FUN" "fn" "<Anonymous>" ".External2" "optim" "doTryCatch" "tryCatchOne" "tryCatchList" "tryCatch" "try" "getP.mu" "getP.nls" 
"ifelse" "ifelse" "getMu" "FUN" "fn" "<Anonymous>" ".External2" "optim" "doTryCatch" "tryCatchOne" "tryCatchList" "tryCatch" "try" "getP.mu" "getP.nls" 
"freduce" "_fseq" "eval" "eval" "withVisible" "%>%" "FUN" "fn" "<Anonymous>" ".External2" "optim" "doTryCatch" "tryCatchOne" "tryCatchList" "tryCatch" "try" "getP.mu" "getP.nls" 
"is_function" "split_chain" "%>%" "FUN" "fn" "<Anonymous>" ".External2" "optim" "doTryCatch" "tryCatchOne" "tryCatchList" "tryCatch" "try" "getP.mu" "getP.nls" 
"ifelse" "ifelse" "getMu" "FUN" "fn" "<Anonymous>" ".External2" "optim" "doTryCatch" "tryCatchOne" "tryCatchList" "tryCatch" "try" "getP.mu" "getP.nls" 
"ifelse" "ifelse" "getMu" "FUN" "fn" "<Anonymous>" ".External2" "optim" "doTryCatch" "tryCatchOne" "tryCatchList" "tryCatch" "try" "getP.mu" "getP.nls" 
"rev.default" "rev" "split_chain" "%>%" "FUN" "fn" "<Anonymous>" ".External2" "optim" "doTryCatch" "tryCatchOne" "tryCatchList" "tryCatch" "try" "getP.mu" "getP.nls" 
"freduce" "_fseq" "eval" "eval" "withVisible" "%>%" "FUN" "fn" "<Anonymous>" ".External2" "optim" "doTryCatch" "tryCatchOne" "tryCatchList" "tryCatch" "try" "getP.mu" "getP.nls" 
"as.vector" "function_list[[k]]" "withVisible" "freduce" "_fseq" "eval" "eval" "withVisible" "%>%" "FUN" "fn" "<Anonymous>" ".External2" "optim" "doTryCatch" "tryCatchOne" "tryCatchList" "tryCatch" "try" "getP.mu" "getP.nls" 
"rowMeans" "FUN" "fn" "<Anonymous>" ".External2" "optim" "doTryCatch" "tryCatchOne" "tryCatchList" "tryCatch" "try" "getP.mu" "getP.nls" 
"ifelse" "ifelse" "getMu" "FUN" "fn" "<Anonymous>" ".External2" "optim" "doTryCatch" "tryCatchOne" "tryCatchList" "tryCatch" "try" "getP.mu" "getP.nls" 
"match.call" "split_chain" "%>%" "FUN" "fn" "<Anonymous>" ".External2" "optim" "doTryCatch" "tryCatchOne" "tryCatchList" "tryCatch" "try" "getP.mu" "getP.nls" 
"rev.default" "rev" "split_chain" "%>%" "FUN" "fn" "<Anonymous>" ".External2" "optim" "doTryCatch" "tryCatchOne" "tryCatchList" "tryCatch" "try" "getP.mu" "getP.nls" 
"lapply" "%>%" "FUN" "fn" "<Anonymous>" ".External2" "optim" "doTryCatch" "tryCatchOne" "tryCatchList" "tryCatch" "try" "getP.mu" "getP.nls" 
"class<-" "%>%" "FUN" "fn" "<Anonymous>" ".External2" "optim" "doTryCatch" "tryCatchOne" "tryCatchList" "tryCatch" "try" "getP.mu" "getP.nls" 
"withVisible" "freduce" "_fseq" "eval" "eval" "withVisible" "%>%" "FUN" "fn" "<Anonymous>" ".External2" "optim" "doTryCatch" "tryCatchOne" "tryCatchList" "tryCatch" "try" "getP.mu" "getP.nls" 
">" "ifelse" "ifelse" "getMu" "FUN" "fn" "<Anonymous>" ".External2" "optim" "doTryCatch" "tryCatchOne" "tryCatchList" "tryCatch" "try" "getP.mu" "getP.nls" 
"alist" "as.pairlist" "eval" "wrap_function" "FUN" "lapply" "%>%" "FUN" "fn" "<Anonymous>" ".External2" "optim" "doTryCatch" "tryCatchOne" "tryCatchList" "tryCatch" "try" "getP.mu" "getP.nls" 
"list" "split_chain" "%>%" "FUN" "fn" "<Anonymous>" ".External2" "optim" "doTryCatch" "tryCatchOne" "tryCatchList" "tryCatch" "try" "getP.mu" "getP.nls" 
"FUN" "fn" "<Anonymous>" ".External2" "optim" "doTryCatch" "tryCatchOne" "tryCatchList" "tryCatch" "try" "getP.mu" "getP.nls" 
"split_chain" "%>%" "FUN" "fn" "<Anonymous>" ".External2" "optim" "doTryCatch" "tryCatchOne" "tryCatchList" "tryCatch" "try" "getP.mu" "getP.nls" 
"ifelse" "getMu" "FUN" "fn" "<Anonymous>" ".External2" "optim" "doTryCatch" "tryCatchOne" "tryCatchList" "tryCatch" "try" "getP.mu" "getP.nls" 
"is_pipe" "split_chain" "%>%" "FUN" "fn" "<Anonymous>" ".External2" "optim" "doTryCatch" "tryCatchOne" "tryCatchList" "tryCatch" "try" "getP.mu" "getP.nls" 
"sum" "fn" "<Anonymous>" ".External2" "optim" "doTryCatch" "tryCatchOne" "tryCatchList" "tryCatch" "try" "getP.mu" "getP.nls" 
"is_pipe" "split_chain" "%>%" "FUN" "fn" "<Anonymous>" ".External2" "optim" "doTryCatch" "tryCatchOne" "tryCatchList" "tryCatch" "try" "getP.mu" "getP.nls" 
"ifelse" "getMu" "FUN" "fn" "<Anonymous>" ".External2" "optim" "doTryCatch" "tryCatchOne" "tryCatchList" "tryCatch" "try" "getP.mu" "getP.nls" 
"list" "split_chain" "%>%" "FUN" "fn" "<Anonymous>" ".External2" "optim" "doTryCatch" "tryCatchOne" "tryCatchList" "tryCatch" "try" "getP.mu" "getP.nls" 
"%>%" "FUN" "fn" "<Anonymous>" ".External2" "optim" "doTryCatch" "tryCatchOne" "tryCatchList" "tryCatch" "try" "getP.mu" "getP.nls" 
"rev.default" "rev" "split_chain" "%>%" "FUN" "fn" "<Anonymous>" ".External2" "optim" "doTryCatch" "tryCatchOne" "tryCatchList" "tryCatch" "try" "getP.mu" "getP.nls" 
"is_pipe" "split_chain" "%>%" "FUN" "fn" "<Anonymous>" ".External2" "optim" "doTryCatch" "tryCatchOne" "tryCatchList" "tryCatch" "try" "getP.mu" "getP.nls" 
"rev" "split_chain" "%>%" "FUN" "fn" "<Anonymous>" ".External2" "optim" "doTryCatch" "tryCatchOne" "tryCatchList" "tryCatch" "try" "getP.mu" "getP.nls" 
"ifelse" "getMu" "FUN" "fn" "<Anonymous>" ".External2" "optim" "doTryCatch" "tryCatchOne" "tryCatchList" "tryCatch" "try" "getP.mu" "getP.nls" 
"alist" "as.pairlist" "eval" "wrap_function" "FUN" "lapply" "%>%" "FUN" "fn" "<Anonymous>" ".External2" "optim" "doTryCatch" "tryCatchOne" "tryCatchList" "tryCatch" "try" "getP.mu" "getP.nls" 
"eval" "%>%" "FUN" "fn" "<Anonymous>" ".External2" "optim" "doTryCatch" "tryCatchOne" "tryCatchList" "tryCatch" "try" "getP.mu" "getP.nls" 
"<=" "ifelse" "getMu" "FUN" "fn" "<Anonymous>" ".External2" "optim" "doTryCatch" "tryCatchOne" "tryCatchList" "tryCatch" "try" "getP.mu" "getP.nls" 
"is_placeholder" "%>%" "FUN" "fn" "<Anonymous>" ".External2" "optim" "doTryCatch" "tryCatchOne" "tryCatchList" "tryCatch" "try" "getP.mu" "getP.nls" 
"%>%" "FUN" "fn" "<Anonymous>" ".External2" "optim" "doTryCatch" "tryCatchOne" "tryCatchList" "tryCatch" "try" "getP.mu" "getP.nls" 
"ifelse" "getMu" "FUN" "fn" "<Anonymous>" ".External2" "optim" "doTryCatch" "tryCatchOne" "tryCatchList" "tryCatch" "try" "getP.mu" "getP.nls" 
"lapply" "%>%" "FUN" "fn" "<Anonymous>" ".External2" "optim" "doTryCatch" "tryCatchOne" "tryCatchList" "tryCatch" "try" "getP.mu" "getP.nls" 
"ifelse" "ifelse" "getMu" "FUN" "fn" "<Anonymous>" ".External2" "optim" "doTryCatch" "tryCatchOne" "tryCatchList" "tryCatch" "try" "getP.mu" "getP.nls" 
